============================= test session starts ==============================
platform linux -- Python 3.12.3, pytest-9.0.1, pluggy-1.6.0
rootdir: /home/raver1975/L.O.V.E
configfile: pytest.ini
plugins: anyio-4.11.0, mock-3.15.1, langsmith-0.4.49, asyncio-1.3.0
asyncio: mode=Mode.AUTO, debug=False, asyncio_default_fixture_loop_scope=None, asyncio_default_test_loop_scope=function
collected 4 items

tests/test_intelligent_truncation.py ....                                [100%]

============================== 4 passed in 5.09s ===============================
